<?xml version="1.0" encoding="UTF-8"?>
<!-- Generated by org.testng.reporters.JUnitReportReporter -->
<testsuite skipped="0" hostname="Bablu-PC" name="com.create4.execution.Compsub_flow_TS_160" tests="1" failures="0" timestamp="13 Apr 2018 05:02:25 GMT" time="47.675" errors="0">
  <testcase name="CRe4_2252_2253_2254_2255" time="47.675" classname="com.create4.execution.Compsub_flow_TS_160"/>
</testsuite> <!-- com.create4.execution.Compsub_flow_TS_160 -->
