<?xml version="1.0" encoding="UTF-8"?>
<!-- Generated by org.testng.reporters.JUnitReportReporter -->
<testsuite skipped="0" hostname="Bablu-PC" name="com.create4.execution.Cmpletdmtng_inMS_TS_99" tests="1" failures="0" timestamp="13 Apr 2018 04:46:19 GMT" time="21.536" errors="0">
  <testcase name="CRe4_250" time="21.536" classname="com.create4.execution.Cmpletdmtng_inMS_TS_99"/>
</testsuite> <!-- com.create4.execution.Cmpletdmtng_inMS_TS_99 -->
