<?xml version="1.0" encoding="UTF-8"?>
<!-- Generated by org.testng.reporters.JUnitReportReporter -->
<testsuite skipped="0" hostname="Bablu-PC" name="com.create4.execution.Contsub_flow_TS_159" tests="7" failures="0" timestamp="12 Apr 2018 13:19:21 GMT" time="482.449" errors="0">
  <testcase name="CRe4_2203_2204_2205" time="43.152" classname="com.create4.execution.Contsub_flow_TS_159"/>
  <testcase name="CRe4_2213" time="15.815" classname="com.create4.execution.Contsub_flow_TS_159"/>
  <testcase name="CRe4_2217" time="98.946" classname="com.create4.execution.Contsub_flow_TS_159"/>
  <testcase name="CRe4_2202" time="33.747" classname="com.create4.execution.Contsub_flow_TS_159"/>
  <testcase name="CRe4_2206_2207_2208_2209" time="59.083" classname="com.create4.execution.Contsub_flow_TS_159"/>
  <testcase name="CRe4_2218" time="26.831" classname="com.create4.execution.Contsub_flow_TS_159"/>
  <testcase name="CRe4_CRe4_2214_2215_2216" time="204.875" classname="com.create4.execution.Contsub_flow_TS_159"/>
</testsuite> <!-- com.create4.execution.Contsub_flow_TS_159 -->
