<?xml version="1.0" encoding="UTF-8"?>
<!-- Generated by org.testng.reporters.JUnitReportReporter -->
<testsuite skipped="0" hostname="Bablu-PC" name="com.create4.execution.Upcmngmtng_inMem_TS_104" tests="9" failures="0" timestamp="12 Apr 2018 11:53:58 GMT" time="337.833" errors="0">
  <testcase name="CRe4_375_376" time="48.696" classname="com.create4.execution.Upcmngmtng_inMem_TS_104"/>
  <testcase name="CRe4_367" time="34.364" classname="com.create4.execution.Upcmngmtng_inMem_TS_104"/>
  <testcase name="CRe4_369_373" time="31.689" classname="com.create4.execution.Upcmngmtng_inMem_TS_104"/>
  <testcase name="CRe4_360" time="35.337" classname="com.create4.execution.Upcmngmtng_inMem_TS_104"/>
  <testcase name="CRe4_368" time="30.125" classname="com.create4.execution.Upcmngmtng_inMem_TS_104"/>
  <testcase name="CRe4_357" time="35.716" classname="com.create4.execution.Upcmngmtng_inMem_TS_104"/>
  <testcase name="CRe4_361" time="32.649" classname="com.create4.execution.Upcmngmtng_inMem_TS_104"/>
  <testcase name="CRe4_362" time="59.436" classname="com.create4.execution.Upcmngmtng_inMem_TS_104"/>
  <testcase name="CRe4_355_356" time="29.821" classname="com.create4.execution.Upcmngmtng_inMem_TS_104"/>
</testsuite> <!-- com.create4.execution.Upcmngmtng_inMem_TS_104 -->
