<?xml version="1.0" encoding="UTF-8"?>
<!-- Generated by org.testng.reporters.JUnitReportReporter -->
<testsuite skipped="0" hostname="Bablu-PC" name="com.create4.execution.Generate_agenda_TS_96" tests="1" failures="0" timestamp="13 Apr 2018 13:20:30 GMT" time="33.056" errors="0">
  <testcase name="CRe4_204_209" time="33.056" classname="com.create4.execution.Generate_agenda_TS_96"/>
</testsuite> <!-- com.create4.execution.Generate_agenda_TS_96 -->
