<?xml version="1.0" encoding="UTF-8"?>
<!-- Generated by org.testng.reporters.JUnitReportReporter -->
<testsuite skipped="0" hostname="Bablu-PC" name="com.create4.execution.Terminationsub_flow_TS_161" tests="1" failures="0" timestamp="11 Apr 2018 09:44:17 GMT" time="311.667" errors="0">
  <testcase name="CRe4_2309_T" time="311.667" classname="com.create4.execution.Terminationsub_flow_TS_161"/>
</testsuite> <!-- com.create4.execution.Terminationsub_flow_TS_161 -->
