<?xml version="1.0" encoding="UTF-8"?>
<!-- Generated by org.testng.reporters.JUnitReportReporter -->
<testsuite skipped="0" hostname="Bablu-PC" name="com.create4.execution.Reschedule_mtng_mail_TS_143" tests="1" failures="0" timestamp="12 Apr 2018 11:53:58 GMT" time="160.508" errors="0">
  <testcase name="CRe4_152_153" time="160.508" classname="com.create4.execution.Reschedule_mtng_mail_TS_143"/>
</testsuite> <!-- com.create4.execution.Reschedule_mtng_mail_TS_143 -->
