<?xml version="1.0" encoding="UTF-8"?>
<!-- Generated by org.testng.reporters.JUnitReportReporter -->
<testsuite skipped="0" hostname="Bablu-PC" name="com.create4.execution.Cmpltdmtng_inMem_TS_105" tests="9" failures="0" timestamp="12 Apr 2018 11:53:58 GMT" time="335.523" errors="0">
  <testcase name="CRe4_380" time="31.738" classname="com.create4.execution.Cmpltdmtng_inMem_TS_105"/>
  <testcase name="CRe4_381" time="36.768" classname="com.create4.execution.Cmpltdmtng_inMem_TS_105"/>
  <testcase name="CRe4_382" time="36.085" classname="com.create4.execution.Cmpltdmtng_inMem_TS_105"/>
  <testcase name="CRe4_384" time="32.029" classname="com.create4.execution.Cmpltdmtng_inMem_TS_105"/>
  <testcase name="CRe4_391_392" time="46.656" classname="com.create4.execution.Cmpltdmtng_inMem_TS_105"/>
  <testcase name="CRe4_383" time="39.726" classname="com.create4.execution.Cmpltdmtng_inMem_TS_105"/>
  <testcase name="CRe4_387" time="36.909" classname="com.create4.execution.Cmpltdmtng_inMem_TS_105"/>
  <testcase name="CRe4_378" time="31.244" classname="com.create4.execution.Cmpltdmtng_inMem_TS_105"/>
  <testcase name="CRe4_390" time="44.368" classname="com.create4.execution.Cmpltdmtng_inMem_TS_105"/>
</testsuite> <!-- com.create4.execution.Cmpltdmtng_inMem_TS_105 -->
