<?xml version="1.0" encoding="UTF-8"?>
<!-- Generated by org.testng.reporters.JUnitReportReporter -->
<testsuite skipped="0" hostname="Bablu-PC" name="com.create4.execution.Amend_sub_flow_TS_157" tests="8" failures="0" timestamp="11 Apr 2018 07:46:47 GMT" time="783.454" errors="0">
  <testcase name="CRe4_2112_2113_2114_2115" time="73.164" classname="com.create4.execution.Amend_sub_flow_TS_157"/>
  <testcase name="CRe4_2124" time="45.461" classname="com.create4.execution.Amend_sub_flow_TS_157"/>
  <testcase name="CRe4_2117_2118" time="73.628" classname="com.create4.execution.Amend_sub_flow_TS_157"/>
  <testcase name="CRe4_2109_2110_2111" time="88.185" classname="com.create4.execution.Amend_sub_flow_TS_157"/>
  <testcase name="CRe4_2120_2121_2122" time="293.188" classname="com.create4.execution.Amend_sub_flow_TS_157"/>
  <testcase name="CRe4_2119" time="27.390" classname="com.create4.execution.Amend_sub_flow_TS_157"/>
  <testcase name="CRe4_2123" time="126.539" classname="com.create4.execution.Amend_sub_flow_TS_157"/>
  <testcase name="CRe4_2108" time="55.899" classname="com.create4.execution.Amend_sub_flow_TS_157"/>
</testsuite> <!-- com.create4.execution.Amend_sub_flow_TS_157 -->
