<?xml version="1.0" encoding="UTF-8"?>
<!-- Generated by org.testng.reporters.JUnitReportReporter -->
<testsuite skipped="0" hostname="Bablu-PC" name="com.create4.execution.Devsub_flow_TS_158" tests="6" failures="0" timestamp="12 Apr 2018 13:09:37 GMT" time="433.976" errors="0">
  <testcase name="CRe4_2158_2159_2260_2161" time="53.540" classname="com.create4.execution.Devsub_flow_TS_158"/>
  <testcase name="CRe4_2169" time="89.172" classname="com.create4.execution.Devsub_flow_TS_158"/>
  <testcase name="CRe4_2170" time="25.445" classname="com.create4.execution.Devsub_flow_TS_158"/>
  <testcase name="CRe4_2155_2156_2157" time="48.855" classname="com.create4.execution.Devsub_flow_TS_158"/>
  <testcase name="CRe4_2166_2167_2168" time="199.924" classname="com.create4.execution.Devsub_flow_TS_158"/>
  <testcase name="CRe4_2165" time="17.040" classname="com.create4.execution.Devsub_flow_TS_158"/>
</testsuite> <!-- com.create4.execution.Devsub_flow_TS_158 -->
