<?xml version="1.0" encoding="UTF-8"?>
<!-- Generated by org.testng.reporters.JUnitReportReporter -->
<testsuite skipped="0" hostname="Bablu-PC" name="com.create4.execution.Contsub_flow_TS_159" tests="1" failures="0" timestamp="13 Apr 2018 04:50:04 GMT" time="58.548" errors="0">
  <testcase name="CRe4_2206_2207_2208_2209" time="58.548" classname="com.create4.execution.Contsub_flow_TS_159"/>
</testsuite> <!-- com.create4.execution.Contsub_flow_TS_159 -->
