<?xml version="1.0" encoding="UTF-8"?>
<!-- Generated by org.testng.reporters.JUnitReportReporter -->
<testsuite skipped="0" hostname="Bablu-PC" name="com.create4.execution.Compsub_flow_TS_160" tests="5" failures="0" timestamp="12 Apr 2018 13:34:28 GMT" time="426.372" errors="0">
  <testcase name="CRe4_2259" time="17.773" classname="com.create4.execution.Compsub_flow_TS_160"/>
  <testcase name="CRe4_2264" time="105.257" classname="com.create4.execution.Compsub_flow_TS_160"/>
  <testcase name="CRe4_2276" time="27.792" classname="com.create4.execution.Compsub_flow_TS_160"/>
  <testcase name="CRe4_2252_2253_2254_2255" time="48.855" classname="com.create4.execution.Compsub_flow_TS_160"/>
  <testcase name="CRe4_CRe4_2260_2261_2262_2263" time="226.695" classname="com.create4.execution.Compsub_flow_TS_160"/>
</testsuite> <!-- com.create4.execution.Compsub_flow_TS_160 -->
