<?xml version="1.0" encoding="UTF-8"?>
<!-- Generated by org.testng.reporters.JUnitReportReporter -->
<testsuite skipped="0" hostname="Bablu-PC" name="com.create4.execution.Compsub_flow_TS_160" tests="2" failures="0" timestamp="11 Apr 2018 09:17:44 GMT" time="460.467" errors="0">
  <testcase name="CRe4_CRe4_2260_2261_2262_2263" time="330.354" classname="com.create4.execution.Compsub_flow_TS_160"/>
  <testcase name="CRe4_2264" time="130.113" classname="com.create4.execution.Compsub_flow_TS_160"/>
</testsuite> <!-- com.create4.execution.Compsub_flow_TS_160 -->
