<?xml version="1.0" encoding="UTF-8"?>
<!-- Generated by org.testng.reporters.JUnitReportReporter -->
<testsuite skipped="0" hostname="Bablu-PC" name="com.create4.execution.Othrsub_flow_TS_190" tests="2" failures="0" timestamp="11 Apr 2018 10:36:24 GMT" time="195.268" errors="0">
  <testcase name="CRe4_2333_2334_2335" time="50.200" classname="com.create4.execution.Othrsub_flow_TS_190"/>
  <testcase name="CRe4_2310_2336" time="145.068" classname="com.create4.execution.Othrsub_flow_TS_190"/>
</testsuite> <!-- com.create4.execution.Othrsub_flow_TS_190 -->
