<?xml version="1.0" encoding="UTF-8"?>
<!-- Generated by org.testng.reporters.JUnitReportReporter -->
<testsuite skipped="0" hostname="Bablu-PC" name="com.create4.execution.Reschedule_mtng_mail_TS_143" tests="1" failures="0" timestamp="10 Apr 2018 12:59:40 GMT" time="198.191" errors="0">
  <testcase name="CRe4_152_153" time="198.191" classname="com.create4.execution.Reschedule_mtng_mail_TS_143"/>
</testsuite> <!-- com.create4.execution.Reschedule_mtng_mail_TS_143 -->
