<?xml version="1.0" encoding="UTF-8"?>
<!-- Generated by org.testng.reporters.JUnitReportReporter -->
<testsuite skipped="0" hostname="Bablu-PC" name="com.create4.execution.Contsub_flow_TS_159" tests="1" failures="0" timestamp="11 Apr 2018 08:56:30 GMT" time="295.478" errors="0">
  <testcase name="CRe4_CRe4_2214_2215_2216" time="295.478" classname="com.create4.execution.Contsub_flow_TS_159"/>
</testsuite> <!-- com.create4.execution.Contsub_flow_TS_159 -->
