<?xml version="1.0" encoding="UTF-8"?>
<!-- Generated by org.testng.reporters.JUnitReportReporter -->
<testsuite skipped="0" hostname="Bablu-PC" name="com.create4.execution.Saesub_flow_TS_189" tests="1" failures="0" timestamp="11 Apr 2018 10:15:47 GMT" time="300.886" errors="0">
  <testcase name="CRe4_2309_S" time="300.886" classname="com.create4.execution.Saesub_flow_TS_189"/>
</testsuite> <!-- com.create4.execution.Saesub_flow_TS_189 -->
