<?xml version="1.0" encoding="UTF-8"?>
<!-- Generated by org.testng.reporters.JUnitReportReporter -->
<testsuite skipped="0" hostname="Bablu-PC" name="com.create4.execution.Cmpltdmtng_inCP_TS_103" tests="9" failures="0" timestamp="12 Apr 2018 11:53:58 GMT" time="333.233" errors="0">
  <testcase name="CRe4_346" time="34.068" classname="com.create4.execution.Cmpltdmtng_inCP_TS_103"/>
  <testcase name="CRe4_347" time="35.773" classname="com.create4.execution.Cmpltdmtng_inCP_TS_103"/>
  <testcase name="CRe4_342" time="35.664" classname="com.create4.execution.Cmpltdmtng_inCP_TS_103"/>
  <testcase name="CRe4_345" time="37.039" classname="com.create4.execution.Cmpltdmtng_inCP_TS_103"/>
  <testcase name="CRe4_343" time="40.229" classname="com.create4.execution.Cmpltdmtng_inCP_TS_103"/>
  <testcase name="CRe4_353_354" time="44.006" classname="com.create4.execution.Cmpltdmtng_inCP_TS_103"/>
  <testcase name="CRe4_340" time="39.023" classname="com.create4.execution.Cmpltdmtng_inCP_TS_103"/>
  <testcase name="CRe4_344" time="35.340" classname="com.create4.execution.Cmpltdmtng_inCP_TS_103"/>
  <testcase name="CRe4_349_350" time="32.091" classname="com.create4.execution.Cmpltdmtng_inCP_TS_103"/>
</testsuite> <!-- com.create4.execution.Cmpltdmtng_inCP_TS_103 -->
