<?xml version="1.0" encoding="UTF-8"?>
<!-- Generated by org.testng.reporters.JUnitReportReporter -->
<testsuite skipped="0" hostname="Bablu-PC" name="com.create4.execution.Schedule_meeting_mail_TS_142" tests="1" failures="0" timestamp="10 Apr 2018 12:59:40 GMT" time="124.846" errors="0">
  <testcase name="CRe4_150_151" time="124.846" classname="com.create4.execution.Schedule_meeting_mail_TS_142"/>
</testsuite> <!-- com.create4.execution.Schedule_meeting_mail_TS_142 -->
