<?xml version="1.0" encoding="UTF-8"?>
<!-- Generated by org.testng.reporters.JUnitReportReporter -->
<testsuite skipped="0" hostname="Bablu-PC" name="com.create4.execution.Amend_sub_flow_TS_157" tests="4" failures="0" timestamp="12 Apr 2018 12:14:16 GMT" time="342.151" errors="0">
  <testcase name="CRe4_2120_2121_2122" time="209.881" classname="com.create4.execution.Amend_sub_flow_TS_157"/>
  <testcase name="CRe4_2123" time="90.692" classname="com.create4.execution.Amend_sub_flow_TS_157"/>
  <testcase name="CRe4_2124" time="25.968" classname="com.create4.execution.Amend_sub_flow_TS_157"/>
  <testcase name="CRe4_2119" time="15.610" classname="com.create4.execution.Amend_sub_flow_TS_157"/>
</testsuite> <!-- com.create4.execution.Amend_sub_flow_TS_157 -->
