<?xml version="1.0" encoding="UTF-8"?>
<!-- Generated by org.testng.reporters.JUnitReportReporter -->
<testsuite skipped="0" hostname="Bablu-PC" name="com.create4.execution.Cmpltdmtng_inAdmin_TS_101" tests="2" failures="0" timestamp="11 Apr 2018 04:56:00 GMT" time="34.637" errors="0">
  <testcase name="CRe4_307" time="16.815" classname="com.create4.execution.Cmpltdmtng_inAdmin_TS_101"/>
  <testcase name="CRe4_306" time="17.822" classname="com.create4.execution.Cmpltdmtng_inAdmin_TS_101"/>
</testsuite> <!-- com.create4.execution.Cmpltdmtng_inAdmin_TS_101 -->
