<?xml version="1.0" encoding="UTF-8"?>
<!-- Generated by org.testng.reporters.JUnitReportReporter -->
<testsuite skipped="0" hostname="Bablu-PC" name="com.create4.execution.Devsub_flow_TS_158" tests="1" failures="0" timestamp="11 Apr 2018 08:34:54 GMT" time="127.471" errors="0">
  <testcase name="CRe4_2169" time="127.471" classname="com.create4.execution.Devsub_flow_TS_158"/>
</testsuite> <!-- com.create4.execution.Devsub_flow_TS_158 -->
